<?xml version="1.0" encoding="UTF-8"?>
<testsuite name="carcadetests.tests.CarcadeLandingTest" tests="4" skipped="0" failures="0" errors="0" timestamp="2023-05-28T10:28:44" hostname="DESKTOP-IQVJM0R" time="42.46">
  <properties/>
  <testcase name="Проверка фильтра каталога" classname="carcadetests.tests.CarcadeLandingTest" time="34.045"/>
  <testcase name="Проверка, что при нажатии на заголовок страницы 'О каркаде', осуществляется переход на соответствующую страницу" classname="carcadetests.tests.CarcadeLandingTest" time="3.601"/>
  <testcase name="Проверка наличия заголовков страницы 'Лизингополучателям' и 'О каркаде'" classname="carcadetests.tests.CarcadeLandingTest" time="1.892"/>
  <testcase name="Проверка, что при нажатии на заголовок страницы 'Лизингополучателям', осуществляется переход на соответствующую страницу" classname="carcadetests.tests.CarcadeLandingTest" time="2.898"/>
  <system-out><![CDATA[]]></system-out>
  <system-err><![CDATA[]]></system-err>
</testsuite>
