<?xml version="1.0" encoding="UTF-8"?>
<testsuite name="carcadetests.tests.CarcadeLandingTest" tests="1" skipped="0" failures="0" errors="0" timestamp="2023-05-28T10:23:09" hostname="DESKTOP-IQVJM0R" time="54.095">
  <properties/>
  <testcase name="Проверка фильтра каталога" classname="carcadetests.tests.CarcadeLandingTest" time="54.095"/>
  <system-out><![CDATA[]]></system-out>
  <system-err><![CDATA[]]></system-err>
</testsuite>
