<?xml version="1.0" encoding="UTF-8"?>
<testsuite name="carcadetests.tests.CarcadeLandingTest" tests="1" skipped="0" failures="0" errors="0" timestamp="2023-05-27T17:12:48" hostname="DESKTOP-IQVJM0R" time="10.454">
  <properties/>
  <testcase name="Проверка, что при нажатии на заголовок страницы 'О каркаде', осуществляется переход на соответствующую страницу" classname="carcadetests.tests.CarcadeLandingTest" time="10.454"/>
  <system-out><![CDATA[]]></system-out>
  <system-err><![CDATA[Starting ChromeDriver 113.0.5672.63 (0e1a4471d5ae5bf128b1bd8f4d627c8cbd55f70c-refs/branch-heads/5672@{#912}) on port 9017
Only local connections are allowed.
Please see https://chromedriver.chromium.org/security-considerations for suggestions on keeping ChromeDriver safe.
ChromeDriver was started successfully.
мая 27, 2023 8:12:53 PM org.openqa.selenium.devtools.CdpVersionFinder findNearestMatch
WARNING: Unable to find an exact match for CDP version 113, so returning the closest version found: 110
]]></system-err>
</testsuite>
